24 Feb 2023 14:23:17,251 main - before Scenarios
24 Feb 2023 14:23:17,252 main - Launch driver
24 Feb 2023 14:23:17,253 main - driver start !!
24 Feb 2023 14:23:17,258 main - driver running !!
24 Feb 2023 14:23:27,394 main - driver start !!
24 Feb 2023 14:23:27,394 main - driver running !!
24 Feb 2023 14:52:25,685 main - before Scenarios
24 Feb 2023 14:52:25,686 main - Launch driver
24 Feb 2023 14:52:25,687 main - driver start !!
24 Feb 2023 14:52:25,692 main - driver running !!
24 Feb 2023 14:52:26,578 main - driver start !!
24 Feb 2023 14:52:26,578 main - driver running !!
24 Feb 2023 14:52:40,805 main - before Scenarios
24 Feb 2023 14:52:40,806 main - Launch driver
24 Feb 2023 14:52:40,807 main - driver start !!
24 Feb 2023 14:52:40,811 main - driver running !!
24 Feb 2023 14:52:41,673 main - driver start !!
24 Feb 2023 14:52:41,673 main - driver running !!
24 Feb 2023 16:11:53,616 main - before Scenarios
24 Feb 2023 16:11:53,631 main - Launch driver
24 Feb 2023 16:11:53,638 main - driver start !!
24 Feb 2023 16:11:53,642 main - driver running !!
24 Feb 2023 17:30:46,125 main - driver start !!
24 Feb 2023 17:30:46,133 main - driver running !!
24 Feb 2023 17:33:40,484 main - driver start !!
24 Feb 2023 17:33:40,491 main - driver running !!
24 Feb 2023 18:14:38,641 main - before Scenarios
24 Feb 2023 18:14:38,653 main - Launch driver
24 Feb 2023 18:14:38,655 main - driver start !!
24 Feb 2023 18:14:38,659 main - driver running !!
27 Feb 2023 11:47:45,344 main - before Scenarios
27 Feb 2023 11:47:45,365 main - Launch driver
27 Feb 2023 11:47:45,372 main - driver start !!
27 Feb 2023 11:47:45,377 main - driver running !!
27 Feb 2023 12:45:50,193 main - before Scenarios
27 Feb 2023 12:45:50,194 main - Launch driver
27 Feb 2023 12:45:50,196 main - driver start !!
27 Feb 2023 12:45:50,201 main - driver running !!
27 Feb 2023 12:46:22,564 main - before Scenarios
27 Feb 2023 12:46:22,565 main - Launch driver
27 Feb 2023 12:46:22,567 main - driver start !!
27 Feb 2023 12:46:22,571 main - driver running !!
27 Feb 2023 12:49:01,414 main - before Scenarios
27 Feb 2023 12:49:01,416 main - Launch driver
27 Feb 2023 12:49:01,418 main - driver start !!
27 Feb 2023 12:49:01,421 main - driver running !!
27 Feb 2023 12:49:26,530 main - Login Sucessfully
27 Feb 2023 18:11:42,718 main - before Scenarios
27 Feb 2023 18:11:42,720 main - Launch driver
27 Feb 2023 18:11:42,723 main - driver start !!
27 Feb 2023 18:11:42,731 main - driver running !!
27 Feb 2023 18:13:46,931 main - before Scenarios
27 Feb 2023 18:13:46,933 main - Launch driver
27 Feb 2023 18:13:46,935 main - driver start !!
27 Feb 2023 18:13:46,940 main - driver running !!
27 Feb 2023 18:18:33,779 main - before Scenarios
27 Feb 2023 18:18:33,781 main - Launch driver
27 Feb 2023 18:18:33,783 main - driver start !!
27 Feb 2023 18:18:33,788 main - driver running !!
27 Feb 2023 18:29:58,135 main - before Scenarios
27 Feb 2023 18:29:58,136 main - Launch driver
27 Feb 2023 18:29:58,138 main - driver start !!
27 Feb 2023 18:29:58,144 main - driver running !!
27 Feb 2023 18:30:25,691 main - Login Sucessfully
27 Feb 2023 18:35:58,186 main - before Scenarios
27 Feb 2023 18:35:58,188 main - Launch driver
27 Feb 2023 18:35:58,190 main - driver start !!
27 Feb 2023 18:35:58,195 main - driver running !!
27 Feb 2023 18:36:23,745 main - Login Sucessfully
27 Feb 2023 18:47:43,502 main - before Scenarios
27 Feb 2023 18:47:43,504 main - Launch driver
27 Feb 2023 18:47:43,505 main - driver start !!
27 Feb 2023 18:47:43,510 main - driver running !!
27 Feb 2023 18:48:09,450 main - Login Sucessfully
27 Feb 2023 18:58:19,664 main - before Scenarios
27 Feb 2023 18:58:19,665 main - Launch driver
27 Feb 2023 18:58:19,667 main - driver start !!
27 Feb 2023 18:58:19,673 main - driver running !!
27 Feb 2023 18:58:45,162 main - Login Sucessfully
28 Feb 2023 13:15:13,662 main - before Scenarios
28 Feb 2023 13:15:13,664 main - Launch driver
28 Feb 2023 13:15:13,667 main - driver start !!
28 Feb 2023 13:15:13,675 main - driver running !!
28 Feb 2023 13:43:31,052 main - before Scenarios
28 Feb 2023 13:43:31,054 main - Launch driver
28 Feb 2023 13:43:31,057 main - driver start !!
28 Feb 2023 13:43:31,064 main - driver running !!
28 Feb 2023 16:20:44,069 main - before Scenarios
28 Feb 2023 16:20:44,071 main - Launch driver
28 Feb 2023 16:20:44,073 main - driver start !!
28 Feb 2023 16:20:44,080 main - driver running !!
28 Feb 2023 16:21:11,575 main - Login Sucessfully
28 Feb 2023 16:38:59,669 main - before Scenarios
28 Feb 2023 16:38:59,672 main - Launch driver
28 Feb 2023 16:38:59,673 main - driver start !!
28 Feb 2023 16:38:59,681 main - driver running !!
28 Feb 2023 16:39:28,205 main - Login Sucessfully
28 Feb 2023 16:58:57,539 main - before Scenarios
28 Feb 2023 16:58:57,540 main - Launch driver
28 Feb 2023 16:58:57,541 main - driver start !!
28 Feb 2023 16:58:57,547 main - driver running !!
28 Feb 2023 16:59:25,272 main - Logout Sucessfully
28 Feb 2023 17:02:17,350 main - before Scenarios
28 Feb 2023 17:02:17,352 main - Launch driver
28 Feb 2023 17:02:17,353 main - driver start !!
28 Feb 2023 17:02:17,360 main - driver running !!
28 Feb 2023 17:02:42,425 main - Login Sucessfully
28 Feb 2023 17:03:31,369 main - before Scenarios
28 Feb 2023 17:03:31,370 main - Launch driver
28 Feb 2023 17:03:31,372 main - driver start !!
28 Feb 2023 17:03:31,380 main - driver running !!
28 Feb 2023 17:04:00,195 main - Login Sucessfully
28 Feb 2023 17:05:33,024 main - before Scenarios
28 Feb 2023 17:05:33,026 main - Launch driver
28 Feb 2023 17:05:33,028 main - driver start !!
28 Feb 2023 17:05:33,035 main - driver running !!
28 Feb 2023 17:05:57,280 main - Login Sucessfully
28 Feb 2023 17:07:08,583 main - before Scenarios
28 Feb 2023 17:07:08,585 main - Launch driver
28 Feb 2023 17:07:08,587 main - driver start !!
28 Feb 2023 17:07:08,596 main - driver running !!
28 Feb 2023 17:08:18,893 main - before Scenarios
28 Feb 2023 17:08:18,895 main - Launch driver
28 Feb 2023 17:08:18,897 main - driver start !!
28 Feb 2023 17:08:18,904 main - driver running !!
28 Feb 2023 17:09:32,772 main - before Scenarios
28 Feb 2023 17:09:32,773 main - Launch driver
28 Feb 2023 17:09:32,775 main - driver start !!
28 Feb 2023 17:09:32,782 main - driver running !!
28 Feb 2023 17:10:00,616 main - before Scenarios
28 Feb 2023 17:10:00,618 main - Launch driver
28 Feb 2023 17:10:00,619 main - driver start !!
28 Feb 2023 17:10:00,627 main - driver running !!
28 Feb 2023 18:21:39,678 main - before Scenarios
28 Feb 2023 18:21:39,680 main - Launch driver
28 Feb 2023 18:21:39,682 main - driver start !!
28 Feb 2023 18:21:39,688 main - driver running !!
28 Feb 2023 19:12:01,282 main - before Scenarios
28 Feb 2023 19:12:01,283 main - Launch driver
28 Feb 2023 19:12:01,285 main - driver start !!
28 Feb 2023 19:12:01,291 main - driver running !!
28 Feb 2023 19:16:13,544 main - before Scenarios
28 Feb 2023 19:16:13,547 main - Launch driver
28 Feb 2023 19:16:13,548 main - driver start !!
28 Feb 2023 19:16:13,555 main - driver running !!
28 Feb 2023 19:16:38,839 main - Login Sucessfully
28 Feb 2023 19:16:38,841 main - Logout Sucessfully
28 Feb 2023 19:19:26,508 main - before Scenarios
28 Feb 2023 19:19:26,510 main - Launch driver
28 Feb 2023 19:19:26,513 main - driver start !!
28 Feb 2023 19:19:26,521 main - driver running !!
28 Feb 2023 19:19:53,271 main - Login Sucessfully
28 Feb 2023 19:20:39,266 main - before Scenarios
28 Feb 2023 19:20:39,268 main - Launch driver
28 Feb 2023 19:20:39,269 main - driver start !!
28 Feb 2023 19:20:39,277 main - driver running !!
28 Feb 2023 19:21:07,242 main - Login Sucessfully
01 Mar 2023 11:44:20,379 main - before Scenarios
01 Mar 2023 11:44:20,384 main - Launch driver
01 Mar 2023 11:44:20,386 main - driver start !!
01 Mar 2023 11:44:20,397 main - driver running !!
01 Mar 2023 11:44:50,466 main - Login Sucessfully
01 Mar 2023 13:18:03,259 main - before Scenarios
01 Mar 2023 13:18:03,262 main - Launch driver
01 Mar 2023 13:18:03,264 main - driver start !!
01 Mar 2023 13:18:03,274 main - driver running !!
01 Mar 2023 13:19:39,885 main - before Scenarios
01 Mar 2023 13:19:39,887 main - Launch driver
01 Mar 2023 13:19:39,888 main - driver start !!
01 Mar 2023 13:19:39,895 main - driver running !!
01 Mar 2023 13:20:15,998 main - Login Sucessfully
01 Mar 2023 14:33:30,020 main - before Scenarios
01 Mar 2023 14:33:30,022 main - Launch driver
01 Mar 2023 14:33:30,025 main - driver start !!
01 Mar 2023 14:33:30,032 main - driver running !!
01 Mar 2023 14:34:08,250 main - before Scenarios
01 Mar 2023 14:34:08,252 main - Launch driver
01 Mar 2023 14:34:08,253 main - driver start !!
01 Mar 2023 14:34:08,261 main - driver running !!
01 Mar 2023 14:34:37,197 main - Login Sucessfully
01 Mar 2023 15:24:36,081 main - before Scenarios
01 Mar 2023 15:24:36,082 main - Launch driver
01 Mar 2023 15:24:36,084 main - driver start !!
01 Mar 2023 15:24:36,091 main - driver running !!
01 Mar 2023 15:25:04,152 main - Login Sucessfully
01 Mar 2023 15:28:10,268 main - before Scenarios
01 Mar 2023 15:28:10,270 main - Launch driver
01 Mar 2023 15:28:10,273 main - driver start !!
01 Mar 2023 15:28:10,280 main - driver running !!
01 Mar 2023 15:28:37,001 main - Login Sucessfully
01 Mar 2023 15:41:50,325 main - before Scenarios
01 Mar 2023 15:41:50,328 main - Launch driver
01 Mar 2023 15:41:50,331 main - driver start !!
01 Mar 2023 15:41:50,340 main - driver running !!
01 Mar 2023 15:42:28,013 main - before Scenarios
01 Mar 2023 15:42:28,015 main - Launch driver
01 Mar 2023 15:42:28,018 main - driver start !!
01 Mar 2023 15:42:28,028 main - driver running !!
01 Mar 2023 15:43:10,176 main - before Scenarios
01 Mar 2023 15:43:10,183 main - Launch driver
01 Mar 2023 15:43:10,185 main - driver start !!
01 Mar 2023 15:43:10,194 main - driver running !!
01 Mar 2023 15:44:51,630 main - before Scenarios
01 Mar 2023 15:44:51,632 main - Launch driver
01 Mar 2023 15:44:51,635 main - driver start !!
01 Mar 2023 15:44:51,641 main - driver running !!
01 Mar 2023 15:52:11,984 main - before Scenarios
01 Mar 2023 15:52:11,987 main - Launch driver
01 Mar 2023 15:52:11,988 main - driver start !!
01 Mar 2023 15:52:11,998 main - driver running !!
01 Mar 2023 15:57:10,387 main - before Scenarios
01 Mar 2023 15:57:10,389 main - Launch driver
01 Mar 2023 15:57:10,390 main - driver start !!
01 Mar 2023 15:57:10,398 main - driver running !!
01 Mar 2023 15:59:35,728 main - before Scenarios
01 Mar 2023 15:59:35,730 main - Launch driver
01 Mar 2023 15:59:35,732 main - driver start !!
01 Mar 2023 15:59:35,739 main - driver running !!
01 Mar 2023 16:01:40,099 main - before Scenarios
01 Mar 2023 16:01:40,101 main - Launch driver
01 Mar 2023 16:01:40,103 main - driver start !!
01 Mar 2023 16:01:40,112 main - driver running !!
01 Mar 2023 16:02:18,896 main - before Scenarios
01 Mar 2023 16:02:18,898 main - Launch driver
01 Mar 2023 16:02:18,900 main - driver start !!
01 Mar 2023 16:02:18,909 main - driver running !!
01 Mar 2023 16:02:36,720 main - Login Sucessfully
01 Mar 2023 16:03:40,962 main - before Scenarios
01 Mar 2023 16:03:40,963 main - Launch driver
01 Mar 2023 16:03:40,965 main - driver start !!
01 Mar 2023 16:03:40,972 main - driver running !!
01 Mar 2023 16:03:51,585 main - Login Sucessfully
01 Mar 2023 16:04:16,120 main - before Scenarios
01 Mar 2023 16:04:16,121 main - Launch driver
01 Mar 2023 16:04:16,122 main - driver start !!
01 Mar 2023 16:04:16,127 main - driver running !!
01 Mar 2023 16:04:27,308 main - before Scenarios
01 Mar 2023 16:04:27,310 main - Launch driver
01 Mar 2023 16:04:27,312 main - driver start !!
01 Mar 2023 16:04:27,321 main - driver running !!
01 Mar 2023 16:04:27,352 main - Login Sucessfully
01 Mar 2023 16:04:37,501 main - Login Sucessfully
01 Mar 2023 16:04:55,885 main - before Scenarios
01 Mar 2023 16:04:55,888 main - Launch driver
01 Mar 2023 16:04:55,889 main - driver start !!
01 Mar 2023 16:04:55,896 main - driver running !!
01 Mar 2023 16:05:11,982 main - Login Sucessfully
01 Mar 2023 16:38:38,078 main - before Scenarios
01 Mar 2023 16:38:38,081 main - Launch driver
01 Mar 2023 16:38:38,082 main - driver start !!
01 Mar 2023 16:38:38,089 main - driver running !!
01 Mar 2023 19:13:11,789 main - before Scenarios
01 Mar 2023 19:13:11,791 main - Launch driver
01 Mar 2023 19:13:11,793 main - driver start !!
01 Mar 2023 19:13:11,798 main - driver running !!
